<?xml version="1.0" encoding="UTF-8"?>
<!-- Generated by org.testng.reporters.JUnitReportReporter -->
<testsuite hostname="LAPTOP-3NPM5AHR" failures="0" tests="2" name="com.akami.Login.LoginIndex" time="20.973" errors="0" timestamp="2022-07-11T12:45:38 IST" skipped="0">
  <testcase classname="com.akami.Login.LoginIndex" name="logout" time="10.529"/>
  <system-out>
    <![CDATA[Open URL : https://www.saucedemo.com/inventory.html</br>
Click on 1st link.</br>
<Strong><b>Do_Logout is passed.</b></font></strong></br>]]>
  </system-out>
  <testcase classname="com.akami.Login.LoginIndex" name="logout" time="10.444"/>
  <system-out>
    <![CDATA[Open URL : https://www.saucedemo.com/inventory.html</br>
Click on 1st link.</br>
<Strong><b>Do_Login is passed.</b></font></strong></br>]]>
  </system-out>
</testsuite> <!-- com.akami.Login.LoginIndex -->
