<?xml version="1.0" encoding="UTF-8"?>
<!-- Generated by org.testng.reporters.JUnitReportReporter -->
<testsuite hostname="LAPTOP-3NPM5AHR" failures="0" tests="1" name="com.akami.test.TestIndex" time="23.563" errors="0" timestamp="2022-07-11T12:46:39 IST" skipped="0">
  <testcase classname="com.akami.test.TestIndex" name="sideMenu" time="23.563"/>
  <system-out>
    <![CDATA[Open URL : https://www.saucedemo.com/inventory.html</br>
click on side menu.</br>
clicked on right arrow</br>
clicked on about</br>
clicked</br>
<Strong><b>Do_clickonsidemenu is passed.</b></font></strong></br>]]>
  </system-out>
</testsuite> <!-- com.akami.test.TestIndex -->
