<?xml version="1.0" encoding="UTF-8"?>
<!-- Generated by org.testng.reporters.JUnitReportReporter -->
<testsuite hostname="blr-wpp82" failures="0" tests="2" name="com.sourcepro.Login.LoginIndex" time="42.556" errors="0" timestamp="2022-07-08T12:57:39 IST" skipped="0">
  <testcase classname="com.sourcepro.Login.LoginIndex" name="logout" time="16.986"/>
  <system-out>
    <![CDATA[Open URL : https://www.saucedemo.com/inventory.html</br>
Click on 1st link.</br>
<Strong><b>Do_Logout is passed.</b></font></strong></br>]]>
  </system-out>
  <testcase classname="com.sourcepro.Login.LoginIndex" name="logout" time="25.570"/>
  <system-out>
    <![CDATA[Open URL : https://www.saucedemo.com/inventory.html</br>
Click on 1st link.</br>
<Strong><b>Do_Login is passed.</b></font></strong></br>]]>
  </system-out>
</testsuite> <!-- com.sourcepro.Login.LoginIndex -->
